[19:01:34] [main/INFO]: Building optimized datafixer
[19:01:38] [Render thread/INFO]: Environment: authHost='https://authserver.mojang.com', accountsHost='https://api.mojang.com', sessionHost='https://sessionserver.mojang.com', servicesHost='https://api.minecraftservices.com', name='PROD'
[19:01:39] [Render thread/ERROR]: Failed to verify authentication
com.mojang.authlib.exceptions.InvalidCredentialsException: Status: 401
	at com.mojang.authlib.exceptions.MinecraftClientHttpException.toAuthenticationException(MinecraftClientHttpException.java:56) ~[authlib-3.5.41.jar:?]
	at com.mojang.authlib.yggdrasil.YggdrasilUserApiService.fetchProperties(YggdrasilUserApiService.java:140) ~[authlib-3.5.41.jar:?]
	at com.mojang.authlib.yggdrasil.YggdrasilUserApiService.<init>(YggdrasilUserApiService.java:47) ~[authlib-3.5.41.jar:?]
	at com.mojang.authlib.yggdrasil.YggdrasilAuthenticationService.createUserApiService(YggdrasilAuthenticationService.java:158) ~[authlib-3.5.41.jar:?]
	at eev.a(SourceFile:677) [1.19.jar:?]
	at eev.<init>(SourceFile:415) [1.19.jar:?]
	at net.minecraft.client.main.Main.main(SourceFile:198) [1.19.jar:?]
Caused by: com.mojang.authlib.exceptions.MinecraftClientHttpException: Status: 401
	at com.mojang.authlib.minecraft.client.MinecraftClient.readInputStream(MinecraftClient.java:87) ~[authlib-3.5.41.jar:?]
	at com.mojang.authlib.minecraft.client.MinecraftClient.get(MinecraftClient.java:48) ~[authlib-3.5.41.jar:?]
	at com.mojang.authlib.yggdrasil.YggdrasilUserApiService.fetchProperties(YggdrasilUserApiService.java:121) ~[authlib-3.5.41.jar:?]
	... 5 more
[19:01:39] [Render thread/INFO]: Setting user: Player197
[19:01:39] [Render thread/INFO]: Backend library: LWJGL version 3.3.1 build 7
[19:01:42] [Worker-Main-8/ERROR]: Failed to retrieve profile key pair
java.io.IOException: Could not retrieve profile key pair
	at etr.b(SourceFile:112) ~[1.19.jar:?]
	at etr.c(SourceFile:56) ~[1.19.jar:?]
	at java.util.concurrent.CompletableFuture$AsyncSupply.run(CompletableFuture.java:1768) [?:?]
	at java.util.concurrent.CompletableFuture$AsyncSupply.exec(CompletableFuture.java:1760) [?:?]
	at java.util.concurrent.ForkJoinTask.doExec(ForkJoinTask.java:373) [?:?]
	at java.util.concurrent.ForkJoinPool$WorkQueue.topLevelExec(ForkJoinPool.java:1182) [?:?]
	at java.util.concurrent.ForkJoinPool.scan(ForkJoinPool.java:1655) [?:?]
	at java.util.concurrent.ForkJoinPool.runWorker(ForkJoinPool.java:1622) [?:?]
	at java.util.concurrent.ForkJoinWorkerThread.run(ForkJoinWorkerThread.java:165) [?:?]
[19:01:42] [Render thread/INFO]: Reloading ResourceManager: Default
[19:01:44] [Realms Notification Availability checker #1/ERROR]: Realms http code: 400 - raw body (message failed to parse): 
[19:01:48] [Render thread/WARN]: Missing sound for event: minecraft:item.goat_horn.play
[19:01:48] [Render thread/WARN]: Missing sound for event: minecraft:entity.goat.screaming.horn_break
[19:01:49] [Render thread/INFO]: OpenAL initialized on device CoreAudio Default
[19:01:49] [Render thread/INFO]: Sound engine started
[19:01:49] [Render thread/INFO]: Created: 1024x1024x4 minecraft:textures/atlas/blocks.png-atlas
[19:01:49] [Render thread/INFO]: Created: 256x128x4 minecraft:textures/atlas/signs.png-atlas
[19:01:49] [Render thread/INFO]: Created: 1024x512x4 minecraft:textures/atlas/banner_patterns.png-atlas
[19:01:49] [Render thread/INFO]: Created: 1024x512x4 minecraft:textures/atlas/shield_patterns.png-atlas
[19:01:49] [Render thread/INFO]: Created: 256x256x4 minecraft:textures/atlas/chest.png-atlas
[19:01:49] [Render thread/INFO]: Created: 512x256x4 minecraft:textures/atlas/beds.png-atlas
[19:01:49] [Render thread/INFO]: Created: 512x256x4 minecraft:textures/atlas/shulker_boxes.png-atlas
[19:01:51] [Render thread/WARN]: Shader rendertype_entity_translucent_emissive could not find sampler named Sampler2 in the specified shader program.
[19:01:51] [Render thread/INFO]: Created: 512x256x0 minecraft:textures/atlas/particles.png-atlas
[19:01:51] [Render thread/INFO]: Created: 256x256x0 minecraft:textures/atlas/paintings.png-atlas
[19:01:51] [Render thread/INFO]: Created: 256x128x0 minecraft:textures/atlas/mob_effects.png-atlas
[19:01:53] [Realms Notification Availability checker #1/ERROR]: Realms http code: 400 - raw body (message failed to parse): 
[19:02:11] [Realms Notification Availability checker #1/ERROR]: Realms http code: 400 - raw body (message failed to parse): 
[19:02:15] [Render thread/INFO]: Reloading ResourceManager: Default
[19:02:16] [Realms Notification Availability checker #1/ERROR]: Realms http code: 400 - raw body (message failed to parse): 
[19:02:20] [Render thread/WARN]: Missing sound for event: minecraft:item.goat_horn.play
[19:02:20] [Render thread/WARN]: Missing sound for event: minecraft:entity.goat.screaming.horn_break
[19:02:20] [Render thread/INFO]: OpenAL initialized on device CoreAudio Default
[19:02:20] [Render thread/INFO]: Sound engine started
[19:02:21] [Render thread/INFO]: Created: 1024x1024x4 minecraft:textures/atlas/blocks.png-atlas
[19:02:21] [Render thread/INFO]: Created: 256x128x4 minecraft:textures/atlas/signs.png-atlas
[19:02:21] [Render thread/INFO]: Created: 1024x512x4 minecraft:textures/atlas/banner_patterns.png-atlas
[19:02:21] [Render thread/INFO]: Created: 1024x512x4 minecraft:textures/atlas/shield_patterns.png-atlas
[19:02:21] [Render thread/INFO]: Created: 256x256x4 minecraft:textures/atlas/chest.png-atlas
[19:02:21] [Render thread/INFO]: Created: 512x256x4 minecraft:textures/atlas/beds.png-atlas
[19:02:21] [Render thread/INFO]: Created: 512x256x4 minecraft:textures/atlas/shulker_boxes.png-atlas
[19:02:22] [Render thread/WARN]: Shader rendertype_entity_translucent_emissive could not find sampler named Sampler2 in the specified shader program.
[19:02:22] [Render thread/INFO]: Created: 512x256x0 minecraft:textures/atlas/particles.png-atlas
[19:02:22] [Render thread/INFO]: Created: 256x256x0 minecraft:textures/atlas/paintings.png-atlas
[19:02:22] [Render thread/INFO]: Created: 256x128x0 minecraft:textures/atlas/mob_effects.png-atlas
[19:02:23] [Realms Notification Availability checker #1/ERROR]: Realms http code: 400 - raw body (message failed to parse): 
[19:02:42] [Render thread/INFO]: Connecting to localhost, 25565
[19:02:55] [Realms Notification Availability checker #1/ERROR]: Realms http code: 400 - raw body (message failed to parse): 
[19:03:01] [Render thread/INFO]: Stopping!
